2023-06-15 14:34:57,436 INFO o.a.j.u.JMeterUtils: Setting Locale to en_EN
2023-06-15 14:34:57,455 INFO o.a.j.JMeter: Loading user properties from: user.properties
2023-06-15 14:34:57,457 INFO o.a.j.JMeter: Loading system properties from: system.properties
2023-06-15 14:34:57,457 INFO o.a.j.JMeter: Setting JMeter property: jmeter.save.saveservice.output_format=csv
2023-06-15 14:34:57,457 INFO o.a.j.JMeter: Setting JMeter property: jmeter.reportgenerator.exporter.html.property.set_granularity=1000
2023-06-15 14:34:57,461 INFO o.a.j.JMeter: Copyright (c) 1998-2022 The Apache Software Foundation
2023-06-15 14:34:57,462 INFO o.a.j.JMeter: Version 5.5
2023-06-15 14:34:57,462 INFO o.a.j.JMeter: java.version=17.0.6
2023-06-15 14:34:57,462 INFO o.a.j.JMeter: java.vm.name=Java HotSpot(TM) 64-Bit Server VM
2023-06-15 14:34:57,462 INFO o.a.j.JMeter: os.name=Windows 10
2023-06-15 14:34:57,462 INFO o.a.j.JMeter: os.arch=amd64
2023-06-15 14:34:57,462 INFO o.a.j.JMeter: os.version=10.0
2023-06-15 14:34:57,462 INFO o.a.j.JMeter: file.encoding=Cp1252
2023-06-15 14:34:57,462 INFO o.a.j.JMeter: java.awt.headless=true
2023-06-15 14:34:57,462 INFO o.a.j.JMeter: Max memory     =1073741824
2023-06-15 14:34:57,462 INFO o.a.j.JMeter: Available Processors =8
2023-06-15 14:34:57,468 INFO o.a.j.JMeter: Default Locale=English (EN)
2023-06-15 14:34:57,468 INFO o.a.j.JMeter: JMeter  Locale=English (EN)
2023-06-15 14:34:57,469 INFO o.a.j.JMeter: JMeterHome=C:\Users\showmiya.k\Downloads\apache-jmeter-5.5
2023-06-15 14:34:57,469 INFO o.a.j.JMeter: user.dir  =C:\Users\showmiya.k\Downloads\apache-jmeter-5.5\bin
2023-06-15 14:34:57,469 INFO o.a.j.JMeter: PWD       =C:\Users\showmiya.k\Downloads\apache-jmeter-5.5\bin
2023-06-15 14:34:57,470 INFO o.a.j.JMeter: IP: 192.168.2.81 Name: Laptop-PR-18 FullName: Laptop-PR-18.optisolbusiness.com
2023-06-15 14:34:57,477 INFO o.a.j.JMeter: Setting property 'jmeter.reportgenerator.outputdir' to:'C:\Users\showmiya.k\Downloads\apache-jmeter-5.5\bin\output'
2023-06-15 14:34:57,479 INFO o.a.j.s.FileServer: Default base='C:\Users\showmiya.k\Downloads\apache-jmeter-5.5\bin'
2023-06-15 14:34:57,479 INFO o.a.j.s.FileServer: Set new base='C:\Users\showmiya.k\Downloads\apache-jmeter-5.5\bin'
2023-06-15 14:34:57,597 INFO o.a.j.s.SaveService: Testplan (JMX) version: 2.2. Testlog (JTL) version: 2.2
2023-06-15 14:34:57,615 INFO o.a.j.s.SaveService: Using SaveService properties version 5.0
2023-06-15 14:34:57,617 INFO o.a.j.s.SaveService: Using SaveService properties file encoding UTF-8
2023-06-15 14:34:57,619 INFO o.a.j.s.SaveService: Loading file: C:\Users\showmiya.k\Downloads\apache-jmeter-5.5\bin\JmeterJenkinsIntegration.jmx
2023-06-15 14:34:57,656 INFO o.a.j.p.h.s.HTTPSamplerBase: Parser for text/html is org.apache.jmeter.protocol.http.parser.LagartoBasedHtmlParser
2023-06-15 14:34:57,657 INFO o.a.j.p.h.s.HTTPSamplerBase: Parser for application/xhtml+xml is org.apache.jmeter.protocol.http.parser.LagartoBasedHtmlParser
2023-06-15 14:34:57,657 INFO o.a.j.p.h.s.HTTPSamplerBase: Parser for application/xml is org.apache.jmeter.protocol.http.parser.LagartoBasedHtmlParser
2023-06-15 14:34:57,657 INFO o.a.j.p.h.s.HTTPSamplerBase: Parser for text/xml is org.apache.jmeter.protocol.http.parser.LagartoBasedHtmlParser
2023-06-15 14:34:57,657 INFO o.a.j.p.h.s.HTTPSamplerBase: Parser for text/vnd.wap.wml is org.apache.jmeter.protocol.http.parser.RegexpHTMLParser
2023-06-15 14:34:57,657 INFO o.a.j.p.h.s.HTTPSamplerBase: Parser for text/css is org.apache.jmeter.protocol.http.parser.CssParser
2023-06-15 14:34:57,676 INFO o.a.j.JMeter: Creating summariser <summary>
2023-06-15 14:34:57,679 INFO o.a.j.r.d.ReportGenerator: ReportGenerator will use for Parsing the separator: ','
2023-06-15 14:34:57,679 INFO o.a.j.r.d.ReportGenerator: Will generate report at end of test from  results file: C:\Users\showmiya.k\Downloads\apache-jmeter-5.5\bin\NewTestResult.jtl
2023-06-15 14:34:57,680 INFO o.a.j.r.d.ReportGenerator: Reading report generator properties from: C:\Users\showmiya.k\Downloads\apache-jmeter-5.5\bin\reportgenerator.properties
2023-06-15 14:34:57,697 INFO o.a.j.r.d.ReportGenerator: Merging with JMeter properties
2023-06-15 14:34:57,701 INFO o.a.j.r.c.ReportGeneratorConfiguration: Property 'jmeter.reportgenerator.temp_dir' not found, using default value 'temp' instead.
2023-06-15 14:34:57,703 INFO o.a.j.r.c.ReportGeneratorConfiguration: Property 'jmeter.reportgenerator.apdex_per_transaction' not found, using default value 'null' instead.
2023-06-15 14:34:57,703 INFO o.a.j.r.c.ReportGeneratorConfiguration: apdex_per_transaction is empty, not APDEX per transaction customization
2023-06-15 14:34:57,703 INFO o.a.j.r.c.ReportGeneratorConfiguration: Property 'jmeter.reportgenerator.sample_filter' not found, using default value 'null' instead.
2023-06-15 14:34:57,703 INFO o.a.j.r.c.ReportGeneratorConfiguration: Property 'jmeter.reportgenerator.report_title' not found, using default value 'null' instead.
2023-06-15 14:34:57,703 INFO o.a.j.r.c.ReportGeneratorConfiguration: Property 'jmeter.reportgenerator.start_date' not found, using default value 'null' instead.
2023-06-15 14:34:57,703 INFO o.a.j.r.c.ReportGeneratorConfiguration: Property 'jmeter.reportgenerator.end_date' not found, using default value 'null' instead.
2023-06-15 14:34:57,704 INFO o.a.j.r.c.ReportGeneratorConfiguration: Property 'jmeter.reportgenerator.date_format' not found, using default value 'null' instead.
2023-06-15 14:34:57,704 INFO o.a.j.r.c.ReportGeneratorConfiguration: Will use date range start date: null, end date: null
2023-06-15 14:34:57,709 INFO o.a.j.r.c.ReportGeneratorConfiguration: Property 'jmeter.reportgenerator.graph.totalTPS.exclude_controllers' not found, using default value 'false' instead.
2023-06-15 14:34:57,709 INFO o.a.j.r.c.ReportGeneratorConfiguration: Property 'jmeter.reportgenerator.graph.activeThreadsOverTime.exclude_controllers' not found, using default value 'false' instead.
2023-06-15 14:34:57,709 INFO o.a.j.r.c.ReportGeneratorConfiguration: Property 'jmeter.reportgenerator.graph.timeVsThreads.exclude_controllers' not found, using default value 'false' instead.
2023-06-15 14:34:57,709 INFO o.a.j.r.c.ReportGeneratorConfiguration: Property 'jmeter.reportgenerator.graph.responseTimeDistribution.exclude_controllers' not found, using default value 'false' instead.
2023-06-15 14:34:57,709 INFO o.a.j.r.c.ReportGeneratorConfiguration: Property 'jmeter.reportgenerator.graph.transactionsPerSecond.exclude_controllers' not found, using default value 'false' instead.
2023-06-15 14:34:57,709 INFO o.a.j.r.c.ReportGeneratorConfiguration: Property 'jmeter.reportgenerator.graph.responseTimePercentiles.exclude_controllers' not found, using default value 'false' instead.
2023-06-15 14:34:57,709 INFO o.a.j.r.c.ReportGeneratorConfiguration: Property 'jmeter.reportgenerator.graph.responseTimePercentilesOverTime.exclude_controllers' not found, using default value 'false' instead.
2023-06-15 14:34:57,709 INFO o.a.j.r.c.ReportGeneratorConfiguration: Property 'jmeter.reportgenerator.graph.responseTimesOverTime.exclude_controllers' not found, using default value 'false' instead.
2023-06-15 14:34:57,710 INFO o.a.j.r.c.ReportGeneratorConfiguration: Property 'jmeter.reportgenerator.graph.connectTimeOverTime.exclude_controllers' not found, using default value 'false' instead.
2023-06-15 14:34:57,710 INFO o.a.j.r.c.ReportGeneratorConfiguration: Property 'jmeter.reportgenerator.graph.latenciesOverTime.exclude_controllers' not found, using default value 'false' instead.
2023-06-15 14:34:57,710 INFO o.a.j.r.c.ReportGeneratorConfiguration: Property 'jmeter.reportgenerator.exporter.json.filters_only_sample_series' not found, using default value 'true' instead.
2023-06-15 14:34:57,710 INFO o.a.j.r.c.ReportGeneratorConfiguration: Property 'jmeter.reportgenerator.exporter.json.series_filter' not found, using default value '' instead.
2023-06-15 14:34:57,710 INFO o.a.j.r.c.ReportGeneratorConfiguration: Property 'jmeter.reportgenerator.exporter.json.show_controllers_only' not found, using default value 'false' instead.
2023-06-15 14:34:57,711 INFO o.a.j.r.c.ReportGeneratorConfiguration: Property 'jmeter.reportgenerator.exporter.html.filters_only_sample_series' not found, using default value 'true' instead.
2023-06-15 14:34:57,711 INFO o.a.j.r.c.ReportGeneratorConfiguration: Property 'jmeter.reportgenerator.exporter.html.series_filter' not found, using default value '' instead.
2023-06-15 14:34:57,711 INFO o.a.j.r.c.ReportGeneratorConfiguration: Property 'jmeter.reportgenerator.exporter.html.show_controllers_only' not found, using default value 'false' instead.
2023-06-15 14:34:57,720 INFO o.a.j.e.StandardJMeterEngine: Running the test!
2023-06-15 14:34:57,721 INFO o.a.j.s.SampleEvent: List of sample_variables: []
2023-06-15 14:34:57,721 INFO o.a.j.s.SampleEvent: List of sample_variables: []
2023-06-15 14:34:57,727 INFO o.a.j.e.u.CompoundVariable: Note: Function class names must contain the string: '.functions.'
2023-06-15 14:34:57,727 INFO o.a.j.e.u.CompoundVariable: Note: Function class names must not contain the string: '.gui.'
2023-06-15 14:34:57,792 INFO o.a.j.JMeter: Running test (1686819897792)
2023-06-15 14:34:57,807 INFO o.a.j.e.StandardJMeterEngine: Starting ThreadGroup: 1 : MTNwires
2023-06-15 14:34:57,807 INFO o.a.j.e.StandardJMeterEngine: Starting 3 threads for group MTNwires.
2023-06-15 14:34:57,807 INFO o.a.j.e.StandardJMeterEngine: Thread will continue on error
2023-06-15 14:34:57,807 INFO o.a.j.t.ThreadGroup: Starting thread group... number=1 threads=3 ramp-up=1 delayedStart=false
2023-06-15 14:34:57,816 INFO o.a.j.t.ThreadGroup: Started thread group number 1
2023-06-15 14:34:57,817 INFO o.a.j.e.StandardJMeterEngine: All thread groups have been started
2023-06-15 14:34:57,818 INFO o.a.j.t.JMeterThread: Thread started: MTNwires 1-1
2023-06-15 14:34:57,833 INFO o.a.j.p.h.s.HTTPHCAbstractImpl: Local host = Laptop-PR-18
2023-06-15 14:34:57,838 INFO o.a.j.p.h.s.HTTPHC4Impl: HTTP request retry count = 0
2023-06-15 14:34:57,839 INFO o.a.j.s.SampleResult: Note: Sample TimeStamps are START times
2023-06-15 14:34:57,839 INFO o.a.j.s.SampleResult: sampleresult.default.encoding is set to ISO-8859-1
2023-06-15 14:34:57,839 INFO o.a.j.s.SampleResult: sampleresult.useNanoTime=true
2023-06-15 14:34:57,839 INFO o.a.j.s.SampleResult: sampleresult.nanoThreadSleep=5000
2023-06-15 14:34:57,976 INFO o.a.j.p.h.s.h.LazyLayeredConnectionSocketFactory: Setting up HTTPS TrustAll Socket Factory
2023-06-15 14:34:57,988 INFO o.a.j.u.JsseSSLManager: Using default SSL protocol: TLS
2023-06-15 14:34:57,988 INFO o.a.j.u.JsseSSLManager: SSL session context: per-thread
2023-06-15 14:34:58,144 INFO o.a.j.t.JMeterThread: Thread started: MTNwires 1-2
2023-06-15 14:34:58,333 INFO o.a.j.u.SSLManager: JmeterKeyStore Location:  type JKS
2023-06-15 14:34:58,335 INFO o.a.j.u.SSLManager: KeyStore created OK
2023-06-15 14:34:58,335 WARN o.a.j.u.SSLManager: Keystore file not found, loading empty keystore
2023-06-15 14:34:58,477 INFO o.a.j.t.JMeterThread: Thread started: MTNwires 1-3
2023-06-15 14:34:59,519 INFO o.a.j.t.JMeterThread: Thread is done: MTNwires 1-1
2023-06-15 14:34:59,520 INFO o.a.j.t.JMeterThread: Thread finished: MTNwires 1-1
2023-06-15 14:34:59,541 INFO o.a.j.t.JMeterThread: Thread is done: MTNwires 1-2
2023-06-15 14:34:59,541 INFO o.a.j.t.JMeterThread: Thread finished: MTNwires 1-2
2023-06-15 14:34:59,759 INFO o.a.j.t.JMeterThread: Thread is done: MTNwires 1-3
2023-06-15 14:34:59,759 INFO o.a.j.t.JMeterThread: Thread finished: MTNwires 1-3
2023-06-15 14:34:59,761 INFO o.a.j.e.StandardJMeterEngine: Notifying test listeners of end of test
2023-06-15 14:34:59,767 INFO o.a.j.r.Summariser: summary =      9 in 00:00:02 =    4.6/s Avg:   476 Min:   248 Max:  1122 Err:     0 (0.00%)
2023-06-15 14:34:59,770 INFO o.a.j.JMeter: Generating Dashboard
2023-06-15 14:34:59,770 INFO o.a.j.r.d.ReportGenerator: Flushing result collector before report Generation
2023-06-15 14:34:59,804 INFO o.a.j.r.p.NormalizerSampleConsumer: Using format, 'ms', to parse timeStamp field
2023-06-15 14:34:59,864 INFO o.a.j.r.p.AbstractSampleConsumer: class org.apache.jmeter.report.processor.AggregateConsumer#stopProducing(): beginDate produced 0 samples
2023-06-15 14:34:59,864 INFO o.a.j.r.p.AbstractSampleConsumer: class org.apache.jmeter.report.processor.AggregateConsumer#stopProducing(): endDate produced 0 samples
2023-06-15 14:34:59,865 INFO o.a.j.r.p.AbstractSampleConsumer: class org.apache.jmeter.report.processor.ApdexSummaryConsumer#stopProducing(): apdexSummary produced 0 samples
2023-06-15 14:34:59,866 INFO o.a.j.r.p.AbstractSampleConsumer: class org.apache.jmeter.report.processor.RequestsSummaryConsumer#stopProducing(): requestsSummary produced 0 samples
2023-06-15 14:34:59,874 INFO o.a.j.r.p.AbstractSampleConsumer: class org.apache.jmeter.report.processor.StatisticsSummaryConsumer#stopProducing(): statisticsSummary produced 0 samples
2023-06-15 14:34:59,876 INFO o.a.j.r.p.AbstractSampleConsumer: class org.apache.jmeter.report.processor.Top5ErrorsBySamplerConsumer#stopProducing(): top5ErrorsBySampler produced 0 samples
2023-06-15 14:34:59,876 INFO o.a.j.r.p.AbstractSampleConsumer: class org.apache.jmeter.report.processor.ErrorsSummaryConsumer#stopProducing(): errorsSummary produced 0 samples
2023-06-15 14:34:59,876 INFO o.a.j.r.p.AbstractSampleConsumer: class org.apache.jmeter.report.processor.graph.impl.HitsPerSecondGraphConsumer#stopProducing(): hitsPerSecond produced 0 samples
2023-06-15 14:34:59,892 INFO o.a.j.r.p.AbstractSampleConsumer: class org.apache.jmeter.report.processor.graph.impl.LatencyVSRequestGraphConsumer#stopProducing(): latencyVsRequest produced 0 samples
2023-06-15 14:34:59,892 INFO o.a.j.r.p.AbstractSampleConsumer: class org.apache.jmeter.report.processor.graph.impl.SyntheticResponseTimeDistributionGraphConsumer#stopProducing(): syntheticResponseTimeDistribution produced 0 samples
2023-06-15 14:34:59,892 INFO o.a.j.r.p.AbstractSampleConsumer: class org.apache.jmeter.report.processor.graph.impl.BytesThroughputGraphConsumer#stopProducing(): bytesThroughputOverTime produced 0 samples
2023-06-15 14:34:59,893 INFO o.a.j.r.p.AbstractSampleConsumer: class org.apache.jmeter.report.processor.graph.impl.CodesPerSecondGraphConsumer#stopProducing(): codesPerSecond produced 0 samples
2023-06-15 14:34:59,904 INFO o.a.j.r.p.AbstractSampleConsumer: class org.apache.jmeter.report.processor.graph.impl.ResponseTimeVSRequestGraphConsumer#stopProducing(): responseTimeVsRequest produced 0 samples
2023-06-15 14:34:59,904 INFO o.a.j.r.p.AbstractSampleConsumer: class org.apache.jmeter.report.processor.FilterConsumer#stopProducing(): startIntervalControlerFilter produced 63 samples
2023-06-15 14:34:59,904 INFO o.a.j.r.p.AbstractSampleConsumer: class org.apache.jmeter.report.processor.graph.impl.TotalTPSGraphConsumer#stopProducing(): totalTPS produced 0 samples
2023-06-15 14:34:59,904 INFO o.a.j.r.p.AbstractSampleConsumer: class org.apache.jmeter.report.processor.graph.impl.ActiveThreadsGraphConsumer#stopProducing(): activeThreadsOverTime produced 0 samples
2023-06-15 14:34:59,904 INFO o.a.j.r.p.AbstractSampleConsumer: class org.apache.jmeter.report.processor.graph.impl.TimeVSThreadGraphConsumer#stopProducing(): timeVsThreads produced 0 samples
2023-06-15 14:34:59,905 INFO o.a.j.r.p.AbstractSampleConsumer: class org.apache.jmeter.report.processor.graph.impl.ResponseTimeDistributionGraphConsumer#stopProducing(): responseTimeDistribution produced 0 samples
2023-06-15 14:34:59,905 INFO o.a.j.r.p.AbstractSampleConsumer: class org.apache.jmeter.report.processor.graph.impl.TransactionsPerSecondGraphConsumer#stopProducing(): transactionsPerSecond produced 0 samples
2023-06-15 14:34:59,905 INFO o.a.j.r.p.AbstractSampleConsumer: class org.apache.jmeter.report.processor.graph.impl.ResponseTimePercentilesGraphConsumer#stopProducing(): responseTimePercentiles produced 0 samples
2023-06-15 14:34:59,906 INFO o.a.j.r.p.AbstractSampleConsumer: class org.apache.jmeter.report.processor.graph.impl.ResponseTimePercentilesOverTimeGraphConsumer#stopProducing(): responseTimePercentilesOverTime produced 0 samples
2023-06-15 14:34:59,906 INFO o.a.j.r.p.AbstractSampleConsumer: class org.apache.jmeter.report.processor.graph.impl.ResponseTimeOverTimeGraphConsumer#stopProducing(): responseTimesOverTime produced 0 samples
2023-06-15 14:34:59,906 INFO o.a.j.r.p.AbstractSampleConsumer: class org.apache.jmeter.report.processor.graph.impl.ConnectTimeOverTimeGraphConsumer#stopProducing(): connectTimeOverTime produced 0 samples
2023-06-15 14:34:59,906 INFO o.a.j.r.p.AbstractSampleConsumer: class org.apache.jmeter.report.processor.graph.impl.LatencyOverTimeGraphConsumer#stopProducing(): latenciesOverTime produced 0 samples
2023-06-15 14:34:59,906 INFO o.a.j.r.p.AbstractSampleConsumer: class org.apache.jmeter.report.processor.FilterConsumer#stopProducing(): nameFilter produced 135 samples
2023-06-15 14:34:59,906 INFO o.a.j.r.p.AbstractSampleConsumer: class org.apache.jmeter.report.processor.FilterConsumer#stopProducing(): dateRangeFilter produced 27 samples
2023-06-15 14:34:59,906 INFO o.a.j.r.p.AbstractSampleConsumer: class org.apache.jmeter.report.processor.NormalizerSampleConsumer#stopProducing(): normalizer produced 9 samples
2023-06-15 14:34:59,907 INFO o.a.j.r.p.CsvFileSampleSource: produce(): 9 samples produced in 86ms on channel 0
2023-06-15 14:34:59,907 INFO o.a.j.r.d.ReportGenerator: Exporting data using exporter:'json' of className:'org.apache.jmeter.report.dashboard.JsonExporter'
2023-06-15 14:35:00,053 INFO o.a.j.r.d.JsonExporter: Found data for consumer statisticsSummary in context
2023-06-15 14:35:00,053 INFO o.a.j.r.d.JsonExporter: Creating statistics for overall
2023-06-15 14:35:00,053 INFO o.a.j.r.d.JsonExporter: Creating statistics for other transactions
2023-06-15 14:35:00,054 INFO o.a.j.r.d.JsonExporter: Checking output folder
2023-06-15 14:35:00,055 INFO o.a.j.r.d.JsonExporter: Writing statistics JSON to C:\Users\showmiya.k\Downloads\apache-jmeter-5.5\bin\output\statistics.json
2023-06-15 14:35:00,090 INFO o.a.j.r.d.ReportGenerator: Exporting data using exporter:'html' of className:'org.apache.jmeter.report.dashboard.HtmlTemplateExporter'
2023-06-15 14:35:00,092 INFO o.a.j.r.d.HtmlTemplateExporter: Will generate dashboard in folder: C:\Users\showmiya.k\Downloads\apache-jmeter-5.5\bin\output
2023-06-15 14:35:00,185 INFO o.a.j.r.d.HtmlTemplateExporter: Report will be generated in: C:\Users\showmiya.k\Downloads\apache-jmeter-5.5\bin\output, creating folder structure
2023-06-15 14:35:00,189 INFO o.a.j.r.d.TemplateVisitor: Copying folder from 'C:\Users\showmiya.k\Downloads\apache-jmeter-5.5\bin\report-template' to 'C:\Users\showmiya.k\Downloads\apache-jmeter-5.5\bin\output', got message: C:\Users\showmiya.k\Downloads\apache-jmeter-5.5\bin\output, found non empty folder with following content [C:\Users\showmiya.k\Downloads\apache-jmeter-5.5\bin\output\statistics.json], will be ignored
2023-06-15 14:35:05,463 INFO o.a.j.JMeter: Dashboard generated
